EDA Netlist Writer report for top
Tue Dec 27 00:05:44 2016
Quartus II 32-bit Version 12.1 Build 177 11/07/2012 SJ Full Version


---------------------
; Table of Contents ;
---------------------
  1. Legal Notice
  2. EDA Netlist Writer Summary
  3. Simulation Settings
  4. Simulation Generated Files
  5. EDA Netlist Writer Messages



----------------
; Legal Notice ;
----------------
Copyright (C) 1991-2012 Altera Corporation
Your use of Altera Corporation's design tools, logic functions 
and other software and tools, and its AMPP partner logic 
functions, and any output files from any of the foregoing 
(including device programming or simulation files), and any 
associated documentation or information are expressly subject 
to the terms and conditions of the Altera Program License 
Subscription Agreement, Altera MegaCore Function License 
Agreement, or other applicable license agreement, including, 
without limitation, that your use is for the sole purpose of 
programming logic devices manufactured by Altera and sold by 
Altera or its authorized distributors.  Please refer to the 
applicable agreement for further details.



+-------------------------------------------------------------------+
; EDA Netlist Writer Summary                                        ;
+---------------------------+---------------------------------------+
; EDA Netlist Writer Status ; Successful - Tue Dec 27 00:05:44 2016 ;
; Revision Name             ; top                                   ;
; Top-level Entity Name     ; top                                   ;
; Family                    ; Cyclone IV E                          ;
; Simulation Files Creation ; Successful                            ;
+---------------------------+---------------------------------------+


+-------------------------------------------------------------------------------------------------------------------------------+
; Simulation Settings                                                                                                           ;
+---------------------------------------------------------------------------------------------------+---------------------------+
; Option                                                                                            ; Setting                   ;
+---------------------------------------------------------------------------------------------------+---------------------------+
; Tool Name                                                                                         ; ModelSim-Altera (Verilog) ;
; Generate netlist for functional simulation only                                                   ; Off                       ;
; Time scale                                                                                        ; 1 ns                      ;
; Truncate long hierarchy paths                                                                     ; Off                       ;
; Map illegal HDL characters                                                                        ; Off                       ;
; Flatten buses into individual nodes                                                               ; Off                       ;
; Maintain hierarchy                                                                                ; Off                       ;
; Bring out device-wide set/reset signals as ports                                                  ; Off                       ;
; Enable glitch filtering                                                                           ; Off                       ;
; Do not write top level VHDL entity                                                                ; Off                       ;
; Disable detection of setup and hold time violations in the input registers of bi-directional pins ; Off                       ;
; Architecture name in VHDL output netlist                                                          ; structure                 ;
; Generate third-party EDA tool command script for RTL functional simulation                        ; Off                       ;
; Generate third-party EDA tool command script for gate-level simulation                            ; Off                       ;
+---------------------------------------------------------------------------------------------------+---------------------------+


+----------------------------------------------------------------------------------------------------------------------------------+
; Simulation Generated Files                                                                                                       ;
+----------------------------------------------------------------------------------------------------------------------------------+
; Generated Files                                                                                                                  ;
+----------------------------------------------------------------------------------------------------------------------------------+
; F:/Owned_Project/Project/RggBer/Demo/rggber-fpga-prj/HDMI_graphics_card/project/simulation/modelsim/top_6_1200mv_85c_slow.vo     ;
; F:/Owned_Project/Project/RggBer/Demo/rggber-fpga-prj/HDMI_graphics_card/project/simulation/modelsim/top_6_1200mv_0c_slow.vo      ;
; F:/Owned_Project/Project/RggBer/Demo/rggber-fpga-prj/HDMI_graphics_card/project/simulation/modelsim/top_min_1200mv_0c_fast.vo    ;
; F:/Owned_Project/Project/RggBer/Demo/rggber-fpga-prj/HDMI_graphics_card/project/simulation/modelsim/top.vo                       ;
; F:/Owned_Project/Project/RggBer/Demo/rggber-fpga-prj/HDMI_graphics_card/project/simulation/modelsim/top_6_1200mv_85c_v_slow.sdo  ;
; F:/Owned_Project/Project/RggBer/Demo/rggber-fpga-prj/HDMI_graphics_card/project/simulation/modelsim/top_6_1200mv_0c_v_slow.sdo   ;
; F:/Owned_Project/Project/RggBer/Demo/rggber-fpga-prj/HDMI_graphics_card/project/simulation/modelsim/top_min_1200mv_0c_v_fast.sdo ;
; F:/Owned_Project/Project/RggBer/Demo/rggber-fpga-prj/HDMI_graphics_card/project/simulation/modelsim/top_v.sdo                    ;
+----------------------------------------------------------------------------------------------------------------------------------+


+-----------------------------+
; EDA Netlist Writer Messages ;
+-----------------------------+
Info: *******************************************************************
Info: Running Quartus II 32-bit EDA Netlist Writer
    Info: Version 12.1 Build 177 11/07/2012 SJ Full Version
    Info: Processing started: Tue Dec 27 00:05:23 2016
Info: Command: quartus_eda --read_settings_files=off --write_settings_files=off top -c top
Warning (202000): An incorrect timescale is selected for the Verilog Output (.VO) file of this PLL design. It's required that the timescale should be 1 ps when simulating a PLL design in a third party EDA tool.
Info (204019): Generated file top_6_1200mv_85c_slow.vo in folder "F:/Owned_Project/Project/RggBer/Demo/rggber-fpga-prj/HDMI_graphics_card/project/simulation/modelsim/" for EDA simulation tool
Warning (202000): An incorrect timescale is selected for the Verilog Output (.VO) file of this PLL design. It's required that the timescale should be 1 ps when simulating a PLL design in a third party EDA tool.
Info (204019): Generated file top_6_1200mv_0c_slow.vo in folder "F:/Owned_Project/Project/RggBer/Demo/rggber-fpga-prj/HDMI_graphics_card/project/simulation/modelsim/" for EDA simulation tool
Warning (202000): An incorrect timescale is selected for the Verilog Output (.VO) file of this PLL design. It's required that the timescale should be 1 ps when simulating a PLL design in a third party EDA tool.
Info (204019): Generated file top_min_1200mv_0c_fast.vo in folder "F:/Owned_Project/Project/RggBer/Demo/rggber-fpga-prj/HDMI_graphics_card/project/simulation/modelsim/" for EDA simulation tool
Warning (202000): An incorrect timescale is selected for the Verilog Output (.VO) file of this PLL design. It's required that the timescale should be 1 ps when simulating a PLL design in a third party EDA tool.
Info (204019): Generated file top.vo in folder "F:/Owned_Project/Project/RggBer/Demo/rggber-fpga-prj/HDMI_graphics_card/project/simulation/modelsim/" for EDA simulation tool
Warning (200000): Double data rate (DDR) timing delays reported by third party timing simulation are preliminary. Run the TimeQuest Timing Analyzer for analyzing delays on paths through the DDR.
Info (204019): Generated file top_6_1200mv_85c_v_slow.sdo in folder "F:/Owned_Project/Project/RggBer/Demo/rggber-fpga-prj/HDMI_graphics_card/project/simulation/modelsim/" for EDA simulation tool
Warning (200000): Double data rate (DDR) timing delays reported by third party timing simulation are preliminary. Run the TimeQuest Timing Analyzer for analyzing delays on paths through the DDR.
Info (204019): Generated file top_6_1200mv_0c_v_slow.sdo in folder "F:/Owned_Project/Project/RggBer/Demo/rggber-fpga-prj/HDMI_graphics_card/project/simulation/modelsim/" for EDA simulation tool
Warning (200000): Double data rate (DDR) timing delays reported by third party timing simulation are preliminary. Run the TimeQuest Timing Analyzer for analyzing delays on paths through the DDR.
Info (204019): Generated file top_min_1200mv_0c_v_fast.sdo in folder "F:/Owned_Project/Project/RggBer/Demo/rggber-fpga-prj/HDMI_graphics_card/project/simulation/modelsim/" for EDA simulation tool
Warning (200000): Double data rate (DDR) timing delays reported by third party timing simulation are preliminary. Run the TimeQuest Timing Analyzer for analyzing delays on paths through the DDR.
Info (204019): Generated file top_v.sdo in folder "F:/Owned_Project/Project/RggBer/Demo/rggber-fpga-prj/HDMI_graphics_card/project/simulation/modelsim/" for EDA simulation tool
Info: Quartus II 32-bit EDA Netlist Writer was successful. 0 errors, 8 warnings
    Info: Peak virtual memory: 384 megabytes
    Info: Processing ended: Tue Dec 27 00:05:45 2016
    Info: Elapsed time: 00:00:22
    Info: Total CPU time (on all processors): 00:00:22


