Flow report for top
Tue Dec 27 00:05:44 2016
Quartus II 32-bit Version 12.1 Build 177 11/07/2012 SJ Full Version


---------------------
; Table of Contents ;
---------------------
  1. Legal Notice
  2. Flow Summary
  3. Flow Settings
  4. Flow Non-Default Global Settings
  5. Flow Elapsed Time
  6. Flow OS Summary
  7. Flow Log



----------------
; Legal Notice ;
----------------
Copyright (C) 1991-2012 Altera Corporation
Your use of Altera Corporation's design tools, logic functions 
and other software and tools, and its AMPP partner logic 
functions, and any output files from any of the foregoing 
(including device programming or simulation files), and any 
associated documentation or information are expressly subject 
to the terms and conditions of the Altera Program License 
Subscription Agreement, Altera MegaCore Function License 
Agreement, or other applicable license agreement, including, 
without limitation, that your use is for the sole purpose of 
programming logic devices manufactured by Altera and sold by 
Altera or its authorized distributors.  Please refer to the 
applicable agreement for further details.



+--------------------------------------------------------------------------------+
; Flow Summary                                                                   ;
+------------------------------------+-------------------------------------------+
; Flow Status                        ; Successful - Tue Dec 27 00:05:44 2016     ;
; Quartus II 32-bit Version          ; 12.1 Build 177 11/07/2012 SJ Full Version ;
; Revision Name                      ; top                                       ;
; Top-level Entity Name              ; top                                       ;
; Family                             ; Cyclone IV E                              ;
; Device                             ; EP4CE30F23C6                              ;
; Timing Models                      ; Final                                     ;
; Total logic elements               ; 7,017 / 28,848 ( 24 % )                   ;
;     Total combinational functions  ; 5,782 / 28,848 ( 20 % )                   ;
;     Dedicated logic registers      ; 4,076 / 28,848 ( 14 % )                   ;
; Total registers                    ; 4244                                      ;
; Total pins                         ; 210 / 329 ( 64 % )                        ;
; Total virtual pins                 ; 0                                         ;
; Total memory bits                  ; 153,056 / 608,256 ( 25 % )                ;
; Embedded Multiplier 9-bit elements ; 16 / 132 ( 12 % )                         ;
; Total PLLs                         ; 2 / 4 ( 50 % )                            ;
+------------------------------------+-------------------------------------------+


+-----------------------------------------+
; Flow Settings                           ;
+-------------------+---------------------+
; Option            ; Setting             ;
+-------------------+---------------------+
; Start date & time ; 12/26/2016 23:56:11 ;
; Main task         ; Compilation         ;
; Revision Name     ; top                 ;
+-------------------+---------------------+


+------------------------------------------------------------------------------------------------------------------------------------------------+
; Flow Non-Default Global Settings                                                                                                               ;
+--------------------------------------+---------------------------------------------------------+---------------+--------------+----------------+
; Assignment Name                      ; Value                                                   ; Default Value ; Entity Name  ; Section Id     ;
+--------------------------------------+---------------------------------------------------------+---------------+--------------+----------------+
; COMPILER_SIGNATURE_ID                ; 58128530644240.148276777107436                          ; --            ; --           ; --             ;
; EDA_DESIGN_EXTRA_ALTERA_SIM_LIB      ; cycloneiii_ver                                          ; --            ; --           ; eda_simulation ;
; EDA_DESIGN_EXTRA_ALTERA_SIM_LIB      ; cycloneiii_ver                                          ; --            ; --           ; eda_simulation ;
; EDA_DESIGN_INSTANCE_NAME             ; NA                                                      ; --            ; --           ; top_tb         ;
; EDA_NATIVELINK_SIMULATION_TEST_BENCH ; top_tb                                                  ; --            ; --           ; eda_simulation ;
; EDA_OUTPUT_DATA_FORMAT               ; Verilog Hdl                                             ; --            ; --           ; eda_simulation ;
; EDA_SIMULATION_TOOL                  ; ModelSim-Altera (Verilog)                               ; <None>        ; --           ; --             ;
; EDA_TEST_BENCH_ENABLE_STATUS         ; NOT_USED                                                ; --            ; --           ; eda_simulation ;
; EDA_TEST_BENCH_FILE                  ; ../sim/top_tb.v                                         ; --            ; --           ; top_tb         ;
; EDA_TEST_BENCH_MODULE_NAME           ; top_t                                                   ; --            ; --           ; top_tb         ;
; EDA_TEST_BENCH_NAME                  ; top_tb                                                  ; --            ; --           ; eda_simulation ;
; EDA_TEST_BENCH_RUN_SIM_FOR           ; 10 ms                                                   ; --            ; --           ; top_tb         ;
; EDA_TIME_SCALE                       ; 1 ns                                                    ; --            ; --           ; eda_simulation ;
; ENABLE_SIGNALTAP                     ; Off                                                     ; --            ; --           ; --             ;
; IP_TOOL_NAME                         ; LPM_MULT                                                ; --            ; --           ; --             ;
; IP_TOOL_NAME                         ; ALTPLL                                                  ; --            ; --           ; --             ;
; IP_TOOL_NAME                         ; FIFO                                                    ; --            ; --           ; --             ;
; IP_TOOL_NAME                         ; FIFO                                                    ; --            ; --           ; --             ;
; IP_TOOL_NAME                         ; DDR2 High Performance Controller                        ; --            ; --           ; --             ;
; IP_TOOL_NAME                         ; altmemphy                                               ; --            ; --           ; --             ;
; IP_TOOL_NAME                         ; ALTPLL                                                  ; --            ; --           ; --             ;
; IP_TOOL_VERSION                      ; 12.1                                                    ; --            ; --           ; --             ;
; IP_TOOL_VERSION                      ; 12.1                                                    ; --            ; --           ; --             ;
; IP_TOOL_VERSION                      ; 12.1                                                    ; --            ; --           ; --             ;
; IP_TOOL_VERSION                      ; 12.1                                                    ; --            ; --           ; --             ;
; IP_TOOL_VERSION                      ; 12.1                                                    ; --            ; --           ; --             ;
; IP_TOOL_VERSION                      ; 12.1                                                    ; --            ; --           ; --             ;
; IP_TOOL_VERSION                      ; 12.1                                                    ; --            ; --           ; --             ;
; MAX_CORE_JUNCTION_TEMP               ; 85                                                      ; --            ; --           ; --             ;
; MIN_CORE_JUNCTION_TEMP               ; 0                                                       ; --            ; --           ; --             ;
; MISC_FILE                            ; ../source/ipcore/mult10x8_inst.v                        ; --            ; --           ; --             ;
; MISC_FILE                            ; ../source/ipcore/mult10x8_bb.v                          ; --            ; --           ; --             ;
; MISC_FILE                            ; ../source/pll/tfp410_pll_inst.v                         ; --            ; --           ; --             ;
; MISC_FILE                            ; ../source/pll/tfp410_pll_bb.v                           ; --            ; --           ; --             ;
; MISC_FILE                            ; ../source/pll/tfp410_pll.ppf                            ; --            ; --           ; --             ;
; MISC_FILE                            ; ../source/fifo/fifo_4096_16d_64q_inst.v                 ; --            ; --           ; --             ;
; MISC_FILE                            ; ../source/fifo/fifo_4096_16d_64q_bb.v                   ; --            ; --           ; --             ;
; MISC_FILE                            ; ../source/fifo/fifo_1024_64d_16q_inst.v                 ; --            ; --           ; --             ;
; MISC_FILE                            ; ../source/fifo/fifo_1024_64d_16q_bb.v                   ; --            ; --           ; --             ;
; MISC_FILE                            ; ../source/ddr2/ddr2.v                                   ; --            ; --           ; --             ;
; MISC_FILE                            ; ../source/ddr2/ddr2_bb.v                                ; --            ; --           ; --             ;
; MISC_FILE                            ; ../source/ddr2/ddr2.bsf                                 ; --            ; --           ; --             ;
; MISC_FILE                            ; ../source/ddr2/ddr2.qip                                 ; --            ; --           ; --             ;
; MISC_FILE                            ; ../source/ddr2/ddr2.html                                ; --            ; --           ; --             ;
; MISC_FILE                            ; ../source/ddr2/ddr2_example_driver.v                    ; --            ; --           ; --             ;
; MISC_FILE                            ; ../source/ddr2/ddr2_example_top.v                       ; --            ; --           ; --             ;
; MISC_FILE                            ; ../source/ddr2/ddr2_ex_lfsr8.v                          ; --            ; --           ; --             ;
; MISC_FILE                            ; ../source/ddr2/testbench/ddr2_example_top_tb.v          ; --            ; --           ; --             ;
; MISC_FILE                            ; ../source/ddr2/testbench/ddr2_mem_model.v               ; --            ; --           ; --             ;
; MISC_FILE                            ; ../source/ddr2/testbench/ddr2_full_mem_model.v          ; --            ; --           ; --             ;
; MISC_FILE                            ; ../source/ddr2/ddr2_pin_assignments.tcl                 ; --            ; --           ; --             ;
; MISC_FILE                            ; ../source/ddr2/ddr2_phy.v                               ; --            ; --           ; --             ;
; MISC_FILE                            ; ../source/ddr2/ddr2_phy_bb.v                            ; --            ; --           ; --             ;
; MISC_FILE                            ; ../source/ddr2/ddr2_phy.bsf                             ; --            ; --           ; --             ;
; MISC_FILE                            ; ../source/ddr2/ddr2_phy.qip                             ; --            ; --           ; --             ;
; MISC_FILE                            ; ../source/ddr2/ddr2_phy.html                            ; --            ; --           ; --             ;
; MISC_FILE                            ; ../source/ddr2/ddr2_phy_alt_mem_phy_seq_wrapper.v       ; --            ; --           ; --             ;
; MISC_FILE                            ; ../source/ddr2/ddr2_phy_alt_mem_phy_seq.vhd             ; --            ; --           ; --             ;
; MISC_FILE                            ; ../source/ddr2/ddr2_phy_alt_mem_phy.v                   ; --            ; --           ; --             ;
; MISC_FILE                            ; ../source/ddr2/ddr2_phy_alt_mem_phy_pll.v               ; --            ; --           ; --             ;
; MISC_FILE                            ; ../source/ddr2/ddr2_phy_pin_assignments.tcl             ; --            ; --           ; --             ;
; MISC_FILE                            ; ../source/ddr2/ddr2_phy_ddr_pins.tcl                    ; --            ; --           ; --             ;
; MISC_FILE                            ; ../source/ddr2/ddr2_phy_report_timing.tcl               ; --            ; --           ; --             ;
; MISC_FILE                            ; ../source/ddr2/ddr2_phy_report_timing_core.tcl          ; --            ; --           ; --             ;
; MISC_FILE                            ; ../source/ddr2/ddr2_phy_ddr_timing.tcl                  ; --            ; --           ; --             ;
; MISC_FILE                            ; ../source/ddr2/ddr2_phy_alt_mem_phy_pll_bb.v            ; --            ; --           ; --             ;
; MISC_FILE                            ; ../source/ddr2/alt_mem_phy_defines.v                    ; --            ; --           ; --             ;
; MISC_FILE                            ; ../source/ddr2/ddr2_phy.ppf                             ; --            ; --           ; --             ;
; OUTPUT_IO_TIMING_FAR_END_VMEAS       ; Half Signal Swing                                       ; --            ; --           ; --             ;
; OUTPUT_IO_TIMING_FAR_END_VMEAS       ; Half Signal Swing                                       ; --            ; --           ; --             ;
; OUTPUT_IO_TIMING_NEAR_END_VMEAS      ; Half Vccio                                              ; --            ; --           ; --             ;
; OUTPUT_IO_TIMING_NEAR_END_VMEAS      ; Half Vccio                                              ; --            ; --           ; --             ;
; PARTITION_COLOR                      ; 16764057                                                ; --            ; io_basic_top ; Top            ;
; PARTITION_COLOR                      ; 16764057                                                ; --            ; --           ; Top            ;
; PARTITION_FITTER_PRESERVATION_LEVEL  ; PLACEMENT_AND_ROUTING                                   ; --            ; io_basic_top ; Top            ;
; PARTITION_FITTER_PRESERVATION_LEVEL  ; PLACEMENT_AND_ROUTING                                   ; --            ; --           ; Top            ;
; PARTITION_NETLIST_TYPE               ; SOURCE                                                  ; --            ; io_basic_top ; Top            ;
; PARTITION_NETLIST_TYPE               ; SOURCE                                                  ; --            ; --           ; Top            ;
; POWER_BOARD_THERMAL_MODEL            ; None (CONSERVATIVE)                                     ; --            ; --           ; --             ;
; POWER_PRESET_COOLING_SOLUTION        ; 23 MM HEAT SINK WITH 200 LFPM AIRFLOW                   ; --            ; --           ; --             ;
; PROJECT_OUTPUT_DIRECTORY             ; output_files                                            ; --            ; --           ; --             ;
; SEARCH_PATH                          ; ../source/ddr2/.                                        ; --            ; --           ; --             ;
; SEARCH_PATH                          ; ../source/ddr2/ddr2_high_performance_controller-library ; --            ; --           ; --             ;
; SEARCH_PATH                          ; ../source/ddr2/.                                        ; --            ; --           ; --             ;
; SEARCH_PATH                          ; ../source/ddr2/altmemphy-library                        ; --            ; --           ; --             ;
; USE_SIGNALTAP_FILE                   ; ../stp/stp1.stp                                         ; --            ; --           ; --             ;
+--------------------------------------+---------------------------------------------------------+---------------+--------------+----------------+


+-------------------------------------------------------------------------------------------------------------------------------+
; Flow Elapsed Time                                                                                                             ;
+---------------------------+--------------+-------------------------+---------------------+------------------------------------+
; Module Name               ; Elapsed Time ; Average Processors Used ; Peak Virtual Memory ; Total CPU Time (on all processors) ;
+---------------------------+--------------+-------------------------+---------------------+------------------------------------+
; Analysis & Synthesis      ; 00:01:19     ; 1.0                     ; 495 MB              ; 00:01:15                           ;
; Fitter                    ; 00:04:30     ; 1.2                     ; 634 MB              ; 00:04:48                           ;
; Assembler                 ; 00:00:06     ; 1.0                     ; 360 MB              ; 00:00:06                           ;
; TimeQuest Timing Analyzer ; 00:02:47     ; 1.0                     ; 533 MB              ; 00:02:48                           ;
; EDA Netlist Writer        ; 00:00:21     ; 1.0                     ; 384 MB              ; 00:00:21                           ;
; Total                     ; 00:09:03     ; --                      ; --                  ; 00:09:18                           ;
+---------------------------+--------------+-------------------------+---------------------+------------------------------------+


+----------------------------------------------------------------------------------------+
; Flow OS Summary                                                                        ;
+---------------------------+------------------+-----------+------------+----------------+
; Module Name               ; Machine Hostname ; OS Name   ; OS Version ; Processor type ;
+---------------------------+------------------+-----------+------------+----------------+
; Analysis & Synthesis      ; WIN-BKJRHM46V30  ; Windows 7 ; 6.1        ; i686           ;
; Fitter                    ; WIN-BKJRHM46V30  ; Windows 7 ; 6.1        ; i686           ;
; Assembler                 ; WIN-BKJRHM46V30  ; Windows 7 ; 6.1        ; i686           ;
; TimeQuest Timing Analyzer ; WIN-BKJRHM46V30  ; Windows 7 ; 6.1        ; i686           ;
; EDA Netlist Writer        ; WIN-BKJRHM46V30  ; Windows 7 ; 6.1        ; i686           ;
+---------------------------+------------------+-----------+------------+----------------+


------------
; Flow Log ;
------------
quartus_map --read_settings_files=on --write_settings_files=off top -c top
quartus_fit --read_settings_files=off --write_settings_files=off top -c top
quartus_asm --read_settings_files=off --write_settings_files=off top -c top
quartus_sta top -c top
quartus_eda --read_settings_files=off --write_settings_files=off top -c top



